# JRE version: Java(TM) SE Runtime Environment (12.0.1+12) (build 12.0.1+12)
# Java VM: Java HotSpot(TM) 64-Bit Server VM (12.0.1+12, mixed mode, sharing, tiered, compressed oops, g1 gc, windows-amd64)
Heap:
 garbage-first heap   total 524288K, used 298814K [0x00000000e0000000, 0x0000000100000000)
  region size 1024K, 93 young (95232K), 4 survivors (4096K)
 Metaspace       used 109356K, capacity 114676K, committed 114732K, reserved 354304K
  class space    used 13347K, capacity 15225K, committed 15232K, reserved 253952K
GC Heap History (10 events):
Event: 1276.379 GC heap before
{Heap before GC invocations=158 (full 0):
 garbage-first heap   total 524288K, used 424382K [0x00000000e0000000, 0x0000000100000000)
  region size 1024K, 25 young (25600K), 6 survivors (6144K)
 Metaspace       used 108674K, capacity 113894K, committed 114092K, reserved 354304K
  class space    used 13280K, capacity 15077K, committed 15104K, reserved 253952K
}
Event: 1276.395 GC heap after
{Heap after GC invocations=159 (full 0):
 garbage-first heap   total 524288K, used 296002K [0x00000000e0000000, 0x0000000100000000)
  region size 1024K, 4 young (4096K), 4 survivors (4096K)
 Metaspace       used 108674K, capacity 113894K, committed 114092K, reserved 354304K
  class space    used 13280K, capacity 15077K, committed 15104K, reserved 253952K
}
Event: 1276.422 GC heap before
{Heap before GC invocations=159 (full 0):
 garbage-first heap   total 524288K, used 296002K [0x00000000e0000000, 0x0000000100000000)
  region size 1024K, 5 young (5120K), 4 survivors (4096K)
 Metaspace       used 108674K, capacity 113894K, committed 114092K, reserved 354304K
  class space    used 13280K, capacity 15077K, committed 15104K, reserved 253952K
}
Event: 1276.430 GC heap after
{Heap after GC invocations=160 (full 0):
 garbage-first heap   total 524288K, used 296318K [0x00000000e0000000, 0x0000000100000000)
  region size 1024K, 5 young (5120K), 5 survivors (5120K)
 Metaspace       used 108674K, capacity 113894K, committed 114092K, reserved 354304K
  class space    used 13280K, capacity 15077K, committed 15104K, reserved 253952K
}
Event: 1978.784 GC heap before
{Heap before GC invocations=161 (full 0):
 garbage-first heap   total 524288K, used 450942K [0x00000000e0000000, 0x0000000100000000)
  region size 1024K, 80 young (81920K), 5 survivors (5120K)
 Metaspace       used 108802K, capacity 114032K, committed 114220K, reserved 354304K
  class space    used 13287K, capacity 15118K, committed 15232K, reserved 253952K
}
Event: 1978.794 GC heap after
{Heap after GC invocations=162 (full 0):
 garbage-first heap   total 524288K, used 299258K [0x00000000e0000000, 0x0000000100000000)
  region size 1024K, 10 young (10240K), 10 survivors (10240K)
 Metaspace       used 108802K, capacity 114032K, committed 114220K, reserved 354304K
  class space    used 13287K, capacity 15118K, committed 15232K, reserved 253952K
}
Event: 1989.975 GC heap before
{Heap before GC invocations=162 (full 0):
 garbage-first heap   total 524288K, used 313594K [0x00000000e0000000, 0x0000000100000000)
  region size 1024K, 25 young (25600K), 10 survivors (10240K)
 Metaspace       used 109056K, capacity 114339K, committed 114476K, reserved 354304K
  class space    used 13339K, capacity 15213K, committed 15232K, reserved 253952K
}
Event: 1990.018 GC heap after
{Heap after GC invocations=163 (full 0):
 garbage-first heap   total 524288K, used 250148K [0x00000000e0000000, 0x0000000100000000)
  region size 1024K, 4 young (4096K), 4 survivors (4096K)
 Metaspace       used 109056K, capacity 114339K, committed 114476K, reserved 354304K
  class space    used 13339K, capacity 15213K, committed 15232K, reserved 253952K
}
Event: 1991.721 GC heap before
{Heap before GC invocations=163 (full 0):
 garbage-first heap   total 524288K, used 271652K [0x00000000e0000000, 0x0000000100000000)
  region size 1024K, 25 young (25600K), 4 survivors (4096K)
 Metaspace       used 109142K, capacity 114495K, committed 114732K, reserved 354304K
  class space    used 13342K, capacity 15217K, committed 15232K, reserved 253952K
}
Event: 1991.810 GC heap after
{Heap after GC invocations=164 (full 0):
 garbage-first heap   total 524288K, used 208702K [0x00000000e0000000, 0x0000000100000000)
  region size 1024K, 4 young (4096K), 4 survivors (4096K)
 Metaspace       used 109142K, capacity 114495K, committed 114732K, reserved 354304K
  class space    used 13342K, capacity 15217K, committed 15232K, reserved 253952K
}

